<?xml version="1.0" encoding="UTF-8"?>
<testng-results skipped="0" failed="1" ignored="0" total="7" passed="6">
  <reporter-output>
  </reporter-output>
  <suite name="EnvelopeFinance_API_Automation" duration-ms="9553" started-at="2021-06-09T12:07:02 IST" finished-at="2021-06-09T12:07:11 IST">
    <groups>
    </groups>
    <test name="EnvelopeFinance_API&#039;s" duration-ms="9553" started-at="2021-06-09T12:07:02 IST" finished-at="2021-06-09T12:07:11 IST">
      <class name="com.EnvelopeFinance_API.GET_credit_card_details">
        <test-method status="PASS" signature="getcreditcarddetails()[pri:0, instance:com.EnvelopeFinance_API.GET_credit_card_details@16afbd92]" name="getcreditcarddetails" duration-ms="959" started-at="2021-06-09T12:07:09 IST" finished-at="2021-06-09T12:07:10 IST">
          <reporter-output>
          </reporter-output>
        </test-method> <!-- getcreditcarddetails -->
      </class> <!-- com.EnvelopeFinance_API.GET_credit_card_details -->
      <class name="com.EnvelopeFinance_API.GET_plan_settings">
        <test-method status="PASS" signature="getplan_settings()[pri:0, instance:com.EnvelopeFinance_API.GET_plan_settings@8ab78bc]" name="getplan_settings" duration-ms="921" started-at="2021-06-09T12:07:08 IST" finished-at="2021-06-09T12:07:09 IST">
          <reporter-output>
          </reporter-output>
        </test-method> <!-- getplan_settings -->
      </class> <!-- com.EnvelopeFinance_API.GET_plan_settings -->
      <class name="com.EnvelopeFinance_API.GET_historical_data">
        <test-method status="PASS" signature="historical_data()[pri:0, instance:com.EnvelopeFinance_API.GET_historical_data@76b74e9c]" name="historical_data" duration-ms="913" started-at="2021-06-09T12:07:06 IST" finished-at="2021-06-09T12:07:06 IST">
          <reporter-output>
          </reporter-output>
        </test-method> <!-- historical_data -->
      </class> <!-- com.EnvelopeFinance_API.GET_historical_data -->
      <class name="com.EnvelopeFinance_API.POST_plan_settings">
        <test-method status="PASS" signature="postplan_settings()[pri:0, instance:com.EnvelopeFinance_API.POST_plan_settings@2d72f75e]" name="postplan_settings" duration-ms="1201" started-at="2021-06-09T12:07:06 IST" finished-at="2021-06-09T12:07:08 IST">
          <reporter-output>
          </reporter-output>
        </test-method> <!-- postplan_settings -->
      </class> <!-- com.EnvelopeFinance_API.POST_plan_settings -->
      <class name="com.EnvelopeFinance_API.GET_config">
        <test-method status="PASS" signature="getconfig()[pri:0, instance:com.EnvelopeFinance_API.GET_config@5aa0dbf4]" name="getconfig" duration-ms="783" started-at="2021-06-09T12:07:09 IST" finished-at="2021-06-09T12:07:09 IST">
          <reporter-output>
          </reporter-output>
        </test-method> <!-- getconfig -->
      </class> <!-- com.EnvelopeFinance_API.GET_config -->
      <class name="Mypursu_API.GET_accountlist">
        <test-method status="FAIL" signature="get_accountlist()[pri:0, instance:Mypursu_API.GET_accountlist@2c5d601e]" name="get_accountlist" duration-ms="998" started-at="2021-06-09T12:07:10 IST" finished-at="2021-06-09T12:07:11 IST">
          <exception class="java.lang.AssertionError">
            <message>
              <![CDATA[Found Null value  expected [false] but found [true]]]>
            </message>
            <full-stacktrace>
              <![CDATA[java.lang.AssertionError: Found Null value  expected [false] but found [true]
at org.testng.Assert.fail(Assert.java:99)
at org.testng.Assert.failNotEquals(Assert.java:1037)
at org.testng.Assert.assertFalse(Assert.java:67)
at Mypursu_API.GET_accountlist.get_accountlist(GET_accountlist.java:93)
at sun.reflect.NativeMethodAccessorImpl.invoke0(Native Method)
at sun.reflect.NativeMethodAccessorImpl.invoke(NativeMethodAccessorImpl.java:62)
at sun.reflect.DelegatingMethodAccessorImpl.invoke(DelegatingMethodAccessorImpl.java:43)
at java.lang.reflect.Method.invoke(Method.java:498)
at org.testng.internal.MethodInvocationHelper.invokeMethod(MethodInvocationHelper.java:132)
at org.testng.internal.TestInvoker.invokeMethod(TestInvoker.java:599)
at org.testng.internal.TestInvoker.invokeTestMethod(TestInvoker.java:174)
at org.testng.internal.MethodRunner.runInSequence(MethodRunner.java:46)
at org.testng.internal.TestInvoker$MethodInvocationAgent.invoke(TestInvoker.java:822)
at org.testng.internal.TestInvoker.invokeTestMethods(TestInvoker.java:147)
at org.testng.internal.TestMethodWorker.invokeTestMethods(TestMethodWorker.java:146)
at org.testng.internal.TestMethodWorker.run(TestMethodWorker.java:128)
at java.util.ArrayList.forEach(ArrayList.java:1259)
at org.testng.TestRunner.privateRun(TestRunner.java:764)
at org.testng.TestRunner.run(TestRunner.java:585)
at org.testng.SuiteRunner.runTest(SuiteRunner.java:384)
at org.testng.SuiteRunner.runSequentially(SuiteRunner.java:378)
at org.testng.SuiteRunner.privateRun(SuiteRunner.java:337)
at org.testng.SuiteRunner.run(SuiteRunner.java:286)
at org.testng.SuiteRunnerWorker.runSuite(SuiteRunnerWorker.java:53)
at org.testng.SuiteRunnerWorker.run(SuiteRunnerWorker.java:96)
at org.testng.TestNG.runSuitesSequentially(TestNG.java:1218)
at org.testng.TestNG.runSuitesLocally(TestNG.java:1140)
at org.testng.TestNG.runSuites(TestNG.java:1069)
at org.testng.TestNG.run(TestNG.java:1037)
at org.testng.remote.AbstractRemoteTestNG.run(AbstractRemoteTestNG.java:115)
at org.testng.remote.RemoteTestNG.initAndRun(RemoteTestNG.java:251)
at org.testng.remote.RemoteTestNG.main(RemoteTestNG.java:77)
]]>
            </full-stacktrace>
          </exception> <!-- java.lang.AssertionError -->
          <reporter-output>
          </reporter-output>
        </test-method> <!-- get_accountlist -->
      </class> <!-- Mypursu_API.GET_accountlist -->
      <class name="com.EnvelopeFinance_API.GET_yodlee_user_token">
        <test-method status="PASS" signature="getconfig()[pri:0, instance:com.EnvelopeFinance_API.GET_yodlee_user_token@5400db36]" name="getconfig" duration-ms="3603" started-at="2021-06-09T12:07:02 IST" finished-at="2021-06-09T12:07:06 IST">
          <reporter-output>
          </reporter-output>
        </test-method> <!-- getconfig -->
      </class> <!-- com.EnvelopeFinance_API.GET_yodlee_user_token -->
    </test> <!-- EnvelopeFinance_API's -->
  </suite> <!-- EnvelopeFinance_API_Automation -->
</testng-results>
