<?xml version="1.0" encoding="UTF-8"?>
<!-- Generated by org.testng.reporters.JUnitXMLReporter -->
<testsuite hostname="Keyutechs-MacBook-Pro.local" ignored="0" name="EnvelopeFinance_API&#039;s" tests="7" failures="1" timestamp="2021-06-09T12:07:11 IST" time="9.553" errors="0">
  <testcase name="getconfig" time="3.603" classname="com.EnvelopeFinance_API.GET_yodlee_user_token"/>
  <testcase name="historical_data" time="0.913" classname="com.EnvelopeFinance_API.GET_historical_data"/>
  <testcase name="postplan_settings" time="1.201" classname="com.EnvelopeFinance_API.POST_plan_settings"/>
  <testcase name="getplan_settings" time="0.921" classname="com.EnvelopeFinance_API.GET_plan_settings"/>
  <testcase name="getconfig" time="0.783" classname="com.EnvelopeFinance_API.GET_config"/>
  <testcase name="getcreditcarddetails" time="0.959" classname="com.EnvelopeFinance_API.GET_credit_card_details"/>
  <testcase name="get_accountlist" time="0.998" classname="Mypursu_API.GET_accountlist">
    <failure type="java.lang.AssertionError" message="Found Null value  expected [false] but found [true]">
      <![CDATA[java.lang.AssertionError: Found Null value  expected [false] but found [true]
at Mypursu_API.GET_accountlist.get_accountlist(GET_accountlist.java:93)
at java.util.ArrayList.forEach(ArrayList.java:1259)
... Removed 30 stack frames]]>
    </failure>
  </testcase> <!-- get_accountlist -->
</testsuite> <!-- EnvelopeFinance_API's -->
